app/build/outputs/logs/manifest-merger-debug-report.txt
-- Merging decision tree log ---
manifest
ADDED from src/main/AndroidManifest.xml:2:1-64:12
	package
		ADDED from src/main/AndroidManifest.xml:3:5-40
		INJECTED from src/main/AndroidManifest.xml
		INJECTED from src/main/AndroidManifest.xml
	android:versionName
		ADDED from src/main/AndroidManifest.xml:5:5-30
	android:versionCode
		ADDED from src/main/AndroidManifest.xml:4:5-28
		INJECTED from src/main/AndroidManifest.xml
		INJECTED from src/main/AndroidManifest.xml
	xmlns:android
		ADDED from src/main/AndroidManifest.xml:2:11-69
uses-sdk
ADDED from src/main/AndroidManifest.xml:7:5-9:41
	android:targetSdkVersion
		ADDED from src/main/AndroidManifest.xml:9:9-38
		INJECTED from src/main/AndroidManifest.xml
		INJECTED from src/main/AndroidManifest.xml
	android:minSdkVersion
		ADDED from src/main/AndroidManifest.xml:8:9-35
		INJECTED from src/main/AndroidManifest.xml
		INJECTED from src/main/AndroidManifest.xml
uses-permission#android.permission.BLUETOOTH
ADDED from src/main/AndroidManifest.xml:11:5-68
	android:name
		ADDED from src/main/AndroidManifest.xml:11:22-65
uses-permission#android.permission.BLUETOOTH_ADMIN
ADDED from src/main/AndroidManifest.xml:12:5-74
	android:name
		ADDED from src/main/AndroidManifest.xml:12:22-71
uses-feature#android.hardware.bluetooth_le
ADDED from src/main/AndroidManifest.xml:14:5-16:35
	android:required
		ADDED from src/main/AndroidManifest.xml:16:9-32
	android:name
		ADDED from src/main/AndroidManifest.xml:15:9-53
application
ADDED from src/main/AndroidManifest.xml:18:5-62:19
	android:label
		ADDED from src/main/AndroidManifest.xml:22:9-41
	android:allowBackup
		ADDED from src/main/AndroidManifest.xml:20:9-35
	android:icon
		ADDED from src/main/AndroidManifest.xml:21:9-45
	android:theme
		ADDED from src/main/AndroidManifest.xml:23:9-40
	android:name
		ADDED from src/main/AndroidManifest.xml:19:9-61
activity#com.stollmann.tiov2sample.ManagerActivity
ADDED from src/main/AndroidManifest.xml:24:9-32:20
	android:label
		ADDED from src/main/AndroidManifest.xml:26:13-45
	android:name
		ADDED from src/main/AndroidManifest.xml:25:13-69
intent-filter#android.intent.action.MAIN+android.intent.category.LAUNCHER
ADDED from src/main/AndroidManifest.xml:27:13-31:29
action#android.intent.action.MAIN
ADDED from src/main/AndroidManifest.xml:28:17-69
	android:name
		ADDED from src/main/AndroidManifest.xml:28:25-66
category#android.intent.category.LAUNCHER
ADDED from src/main/AndroidManifest.xml:30:17-77
	android:name
		ADDED from src/main/AndroidManifest.xml:30:27-74
activity#com.stollmann.tiov2sample.LineChartActivity1
ADDED from src/main/AndroidManifest.xml:33:9-55
	android:name
		ADDED from src/main/AndroidManifest.xml:33:19-53
activity#com.stollmann.tiov2sample.PeripheralActivity
ADDED from src/main/AndroidManifest.xml:34:9-42:20
	android:label
		ADDED from src/main/AndroidManifest.xml:36:13-62
	android:parentActivityName
		ADDED from src/main/AndroidManifest.xml:38:13-57
	android:configChanges
		ADDED from src/main/AndroidManifest.xml:37:13-59
	android:name
		ADDED from src/main/AndroidManifest.xml:35:13-72
meta-data#android.support.PARENT_ACTIVITY
ADDED from src/main/AndroidManifest.xml:39:13-41:51
	android:value
		ADDED from src/main/AndroidManifest.xml:41:17-48
	android:name
		ADDED from src/main/AndroidManifest.xml:40:17-63
activity#com.stollmann.tiov2sample.CalorieActivity
ADDED from src/main/AndroidManifest.xml:44:9-52:20
	android:label
		ADDED from src/main/AndroidManifest.xml:46:13-62
	android:parentActivityName
		ADDED from src/main/AndroidManifest.xml:48:13-57
	android:configChanges
		ADDED from src/main/AndroidManifest.xml:47:13-59
	android:name
		ADDED from src/main/AndroidManifest.xml:45:13-69
activity#com.stollmann.tiov2sample.FFTChart
ADDED from src/main/AndroidManifest.xml:54:9-61:20
	android:parentActivityName
		ADDED from src/main/AndroidManifest.xml:57:13-58
	android:configChanges
		ADDED from src/main/AndroidManifest.xml:56:13-59
	android:name
		ADDED from src/main/AndroidManifest.xml:55:13-62